plugin64/build/intermediates/manifest_merge_blame_file/debug/manifest-merger-blame-debug-report.txt
1<?xml version="1.0" encoding="utf-8"?>
2<manifest xmlns:android="http://schemas.android.com/apk/res/android"
3    package="com.skullshooter.ssplugin64.app"
4    android:versionCode="1"
5    android:versionName="1.0.6" >
6
7    <uses-sdk
8        android:minSdkVersion="18"
8-->src\main\AndroidManifest.xml
9        android:targetSdkVersion="26" />
9-->src\main\AndroidManifest.xml
10
11    <uses-permission android:name="android.permission.ACTION_MANAGE_OVERLAY_PERMISSION" />
11-->src\main\AndroidManifest.xml:6:5-91
11-->src\main\AndroidManifest.xml:6:22-88
12    <uses-permission android:name="android.permission.READ_PRIVILEGED_PHONE_STATE" />
12-->src\main\AndroidManifest.xml:7:5-8:47
12-->src\main\AndroidManifest.xml:7:22-83
13    <uses-permission android:name="android.permission.SYSTEM_ALERT_WINDOW" />
13-->src\main\AndroidManifest.xml:9:5-78
13-->src\main\AndroidManifest.xml:9:22-75
14    <uses-permission android:name="android.permission.INTERNET" />
14-->src\main\AndroidManifest.xml:10:5-66
14-->src\main\AndroidManifest.xml:10:22-64
15    <uses-permission android:name="android.permission.ACCESS_NETWORK_STATE" />
15-->src\main\AndroidManifest.xml:11:5-78
15-->src\main\AndroidManifest.xml:11:22-76
16    <uses-permission android:name="android.permission.READ_PHONE_STATE" />
16-->src\main\AndroidManifest.xml:12:5-74
16-->src\main\AndroidManifest.xml:12:22-72
17
18    <application
19        android:name="a.a"
19-->src\main\AndroidManifest.xml:16:9-27
20        android:allowBackup="true"
20-->src\main\AndroidManifest.xml:15:9-35
21        android:appComponentFactory="androidx.core.app.CoreComponentFactory"
21-->[androidx.core:core:1.5.0] AndroidManifest.xml:24:18-86
22        android:debuggable="true"
23        android:label="com.skullshooter.ssplugin64.app"
23-->src\main\AndroidManifest.xml:17:9-41
24        android:supportsRtl="false"
24-->src\main\AndroidManifest.xml:18:9-36
25        android:theme="@style/Theme.Plugin" >
25-->src\main\AndroidManifest.xml:19:9-44
26        <activity android:name="a.b" />
26-->src\main\AndroidManifest.xml:20:9-39
26-->src\main\AndroidManifest.xml:20:19-37
27        <activity android:name="a.c" />
27-->src\main\AndroidManifest.xml:21:9-39
27-->src\main\AndroidManifest.xml:21:19-37
28        <activity android:name="a.d" />
28-->src\main\AndroidManifest.xml:22:9-39
28-->src\main\AndroidManifest.xml:22:19-37
29        <activity android:name="a.e" />
29-->src\main\AndroidManifest.xml:23:9-39
29-->src\main\AndroidManifest.xml:23:19-37
30
31        <service android:name="a.f" />
31-->src\main\AndroidManifest.xml:24:9-38
31-->src\main\AndroidManifest.xml:24:18-36
32        <service android:name="a.g" />
32-->src\main\AndroidManifest.xml:25:9-38
32-->src\main\AndroidManifest.xml:25:18-36
33
34        <activity android:name="a.l" />
34-->src\main\AndroidManifest.xml:26:9-39
34-->src\main\AndroidManifest.xml:26:19-37
35    </application>
36
37</manifest>